{"C:\\Users\\Ricardo\\ai-software-factory\\backend-api\\src\\controllers\\auth.controller.ts": {"path":"C:\\Users\\Ricardo\\ai-software-factory\\backend-api\\src\\controllers\\auth.controller.ts","statementMap":{"0":{"start":{"line":6,"column":31},"end":{"line":6,"column":55}},"1":{"start":{"line":8,"column":13},"end":{"line":15,"column":3}},"2":{"start":{"line":9,"column":4},"end":{"line":14,"column":5}},"3":{"start":{"line":10,"column":21},"end":{"line":10,"column":62}},"4":{"start":{"line":11,"column":6},"end":{"line":11,"column":null}},"5":{"start":{"line":13,"column":6},"end":{"line":13,"column":null}},"6":{"start":{"line":17,"column":10},"end":{"line":24,"column":3}},"7":{"start":{"line":18,"column":4},"end":{"line":23,"column":5}},"8":{"start":{"line":19,"column":21},"end":{"line":19,"column":59}},"9":{"start":{"line":20,"column":6},"end":{"line":20,"column":null}},"10":{"start":{"line":22,"column":6},"end":{"line":22,"column":null}},"11":{"start":{"line":5,"column":0},"end":{"line":5,"column":13}}},"fnMap":{"0":{"name":"(anonymous_0)","decl":{"start":{"line":6,"column":2},"end":{"line":6,"column":31}},"loc":{"start":{"line":6,"column":55},"end":{"line":6,"column":59}}},"1":{"name":"(anonymous_1)","decl":{"start":{"line":8,"column":13},"end":{"line":8,"column":18}},"loc":{"start":{"line":8,"column":86},"end":{"line":15,"column":3}}},"2":{"name":"(anonymous_2)","decl":{"start":{"line":17,"column":10},"end":{"line":17,"column":15}},"loc":{"start":{"line":17,"column":83},"end":{"line":24,"column":3}}}},"branchMap":{},"s":{"0":1,"1":1,"2":1,"3":1,"4":1,"5":0,"6":1,"7":1,"8":1,"9":1,"10":0,"11":1},"f":{"0":1,"1":1,"2":1},"b":{}}
,"C:\\Users\\Ricardo\\ai-software-factory\\backend-api\\src\\controllers\\users.controller.ts": {"path":"C:\\Users\\Ricardo\\ai-software-factory\\backend-api\\src\\controllers\\users.controller.ts","statementMap":{"0":{"start":{"line":8,"column":21},"end":{"line":8,"column":45}},"1":{"start":{"line":9,"column":21},"end":{"line":9,"column":51}},"2":{"start":{"line":12,"column":7},"end":{"line":19,"column":3}},"3":{"start":{"line":13,"column":4},"end":{"line":18,"column":5}},"4":{"start":{"line":14,"column":19},"end":{"line":14,"column":52}},"5":{"start":{"line":15,"column":6},"end":{"line":15,"column":null}},"6":{"start":{"line":17,"column":6},"end":{"line":17,"column":null}},"7":{"start":{"line":21,"column":15},"end":{"line":30,"column":3}},"8":{"start":{"line":22,"column":18},"end":{"line":22,"column":43}},"9":{"start":{"line":23,"column":23},"end":{"line":23,"column":75}},"10":{"start":{"line":23,"column":46},"end":{"line":23,"column":67}},"11":{"start":{"line":25,"column":4},"end":{"line":29,"column":null}},"12":{"start":{"line":6,"column":0},"end":{"line":6,"column":13}}},"fnMap":{"0":{"name":"(anonymous_0)","decl":{"start":{"line":7,"column":2},"end":{"line":7,"column":null}},"loc":{"start":{"line":9,"column":51},"end":{"line":10,"column":6}}},"1":{"name":"(anonymous_1)","decl":{"start":{"line":12,"column":7},"end":{"line":12,"column":8}},"loc":{"start":{"line":12,"column":65},"end":{"line":19,"column":3}}},"2":{"name":"(anonymous_2)","decl":{"start":{"line":21,"column":15},"end":{"line":21,"column":16}},"loc":{"start":{"line":21,"column":54},"end":{"line":30,"column":3}}},"3":{"name":"(anonymous_3)","decl":{"start":{"line":23,"column":36},"end":{"line":23,"column":37}},"loc":{"start":{"line":23,"column":46},"end":{"line":23,"column":67}}}},"branchMap":{},"s":{"0":1,"1":1,"2":1,"3":1,"4":1,"5":1,"6":0,"7":1,"8":1,"9":1,"10":2,"11":1,"12":1},"f":{"0":1,"1":1,"2":1,"3":2},"b":{}}
,"C:\\Users\\Ricardo\\ai-software-factory\\backend-api\\src\\errors\\app-error.ts": {"path":"C:\\Users\\Ricardo\\ai-software-factory\\backend-api\\src\\errors\\app-error.ts","statementMap":{"0":{"start":{"line":8,"column":4},"end":{"line":8,"column":null}},"1":{"start":{"line":3,"column":20},"end":{"line":3,"column":32}},"2":{"start":{"line":4,"column":20},"end":{"line":4,"column":38}},"3":{"start":{"line":6,"column":20},"end":{"line":6,"column":37}},"4":{"start":{"line":9,"column":4},"end":{"line":9,"column":null}},"5":{"start":{"line":1,"column":0},"end":{"line":1,"column":13}}},"fnMap":{"0":{"name":"(anonymous_0)","decl":{"start":{"line":2,"column":2},"end":{"line":2,"column":null}},"loc":{"start":{"line":6,"column":37},"end":{"line":10,"column":3}}}},"branchMap":{},"s":{"0":4,"1":4,"2":4,"3":4,"4":4,"5":2},"f":{"0":4},"b":{}}
,"C:\\Users\\Ricardo\\ai-software-factory\\backend-api\\src\\middleware\\auth.middleware.ts": {"path":"C:\\Users\\Ricardo\\ai-software-factory\\backend-api\\src\\middleware\\auth.middleware.ts","statementMap":{"0":{"start":{"line":2,"column":0},"end":{"line":2,"column":30}},"1":{"start":{"line":4,"column":0},"end":{"line":4,"column":35}},"2":{"start":{"line":5,"column":0},"end":{"line":5,"column":46}},"3":{"start":{"line":13,"column":28},"end":{"line":34,"column":1}},"4":{"start":{"line":14,"column":21},"end":{"line":14,"column":46}},"5":{"start":{"line":16,"column":2},"end":{"line":19,"column":3}},"6":{"start":{"line":17,"column":4},"end":{"line":17,"column":null}},"7":{"start":{"line":18,"column":4},"end":{"line":18,"column":10}},"8":{"start":{"line":21,"column":16},"end":{"line":21,"column":35}},"9":{"start":{"line":23,"column":2},"end":{"line":33,"column":3}},"10":{"start":{"line":24,"column":20},"end":{"line":24,"column":66}},"11":{"start":{"line":25,"column":4},"end":{"line":29,"column":null}},"12":{"start":{"line":30,"column":4},"end":{"line":30,"column":null}},"13":{"start":{"line":32,"column":4},"end":{"line":32,"column":null}},"14":{"start":{"line":13,"column":13},"end":{"line":13,"column":28}},"15":{"start":{"line":36,"column":25},"end":{"line":50,"column":1}},"16":{"start":{"line":37,"column":2},"end":{"line":49,"column":null}},"17":{"start":{"line":38,"column":4},"end":{"line":41,"column":5}},"18":{"start":{"line":39,"column":6},"end":{"line":39,"column":null}},"19":{"start":{"line":40,"column":6},"end":{"line":40,"column":12}},"20":{"start":{"line":43,"column":4},"end":{"line":46,"column":5}},"21":{"start":{"line":44,"column":6},"end":{"line":44,"column":null}},"22":{"start":{"line":45,"column":6},"end":{"line":45,"column":12}},"23":{"start":{"line":48,"column":4},"end":{"line":48,"column":null}},"24":{"start":{"line":36,"column":13},"end":{"line":36,"column":25}}},"fnMap":{"0":{"name":"(anonymous_1)","decl":{"start":{"line":13,"column":28},"end":{"line":13,"column":29}},"loc":{"start":{"line":13,"column":87},"end":{"line":34,"column":1}}},"1":{"name":"(anonymous_2)","decl":{"start":{"line":36,"column":25},"end":{"line":36,"column":26}},"loc":{"start":{"line":36,"column":63},"end":{"line":50,"column":1}}},"2":{"name":"(anonymous_3)","decl":{"start":{"line":37,"column":9},"end":{"line":37,"column":10}},"loc":{"start":{"line":37,"column":68},"end":{"line":49,"column":3}}}},"branchMap":{"0":{"loc":{"start":{"line":16,"column":2},"end":{"line":19,"column":3}},"type":"if","locations":[{"start":{"line":16,"column":2},"end":{"line":19,"column":3}},{"start":{},"end":{}}]},"1":{"loc":{"start":{"line":16,"column":6},"end":{"line":16,"column":54}},"type":"binary-expr","locations":[{"start":{"line":16,"column":6},"end":{"line":16,"column":17}},{"start":{"line":16,"column":21},"end":{"line":16,"column":54}}]},"2":{"loc":{"start":{"line":38,"column":4},"end":{"line":41,"column":5}},"type":"if","locations":[{"start":{"line":38,"column":4},"end":{"line":41,"column":5}},{"start":{},"end":{}}]},"3":{"loc":{"start":{"line":43,"column":4},"end":{"line":46,"column":5}},"type":"if","locations":[{"start":{"line":43,"column":4},"end":{"line":46,"column":5}},{"start":{},"end":{}}]}},"s":{"0":1,"1":1,"2":1,"3":1,"4":3,"5":3,"6":1,"7":1,"8":2,"9":2,"10":2,"11":2,"12":2,"13":0,"14":1,"15":1,"16":1,"17":1,"18":0,"19":0,"20":1,"21":0,"22":0,"23":1,"24":1},"f":{"0":3,"1":1,"2":1},"b":{"0":[1,2],"1":[3,2],"2":[0,1],"3":[0,1]}}
,"C:\\Users\\Ricardo\\ai-software-factory\\backend-api\\src\\middleware\\error-handler.ts": {"path":"C:\\Users\\Ricardo\\ai-software-factory\\backend-api\\src\\middleware\\error-handler.ts","statementMap":{"0":{"start":{"line":3,"column":0},"end":{"line":3,"column":46}},"1":{"start":{"line":4,"column":0},"end":{"line":4,"column":40}},"2":{"start":{"line":6,"column":28},"end":{"line":41,"column":1}},"3":{"start":{"line":12,"column":2},"end":{"line":21,"column":3}},"4":{"start":{"line":13,"column":4},"end":{"line":19,"column":null}},"5":{"start":{"line":20,"column":4},"end":{"line":20,"column":10}},"6":{"start":{"line":23,"column":2},"end":{"line":33,"column":null}},"7":{"start":{"line":35,"column":2},"end":{"line":40,"column":null}},"8":{"start":{"line":6,"column":13},"end":{"line":6,"column":28}}},"fnMap":{"0":{"name":"(anonymous_0)","decl":{"start":{"line":6,"column":28},"end":{"line":6,"column":null}},"loc":{"start":{"line":11,"column":10},"end":{"line":41,"column":1}}}},"branchMap":{"0":{"loc":{"start":{"line":12,"column":2},"end":{"line":21,"column":3}},"type":"if","locations":[{"start":{"line":12,"column":2},"end":{"line":21,"column":3}},{"start":{},"end":{}}]}},"s":{"0":1,"1":1,"2":1,"3":2,"4":2,"5":2,"6":0,"7":0,"8":1},"f":{"0":2},"b":{"0":[2,0]}}
,"C:\\Users\\Ricardo\\ai-software-factory\\backend-api\\src\\middleware\\not-found.middleware.ts": {"path":"C:\\Users\\Ricardo\\ai-software-factory\\backend-api\\src\\middleware\\not-found.middleware.ts","statementMap":{"0":{"start":{"line":3,"column":24},"end":{"line":10,"column":1}},"1":{"start":{"line":4,"column":2},"end":{"line":9,"column":null}},"2":{"start":{"line":3,"column":13},"end":{"line":3,"column":24}}},"fnMap":{"0":{"name":"(anonymous_0)","decl":{"start":{"line":3,"column":24},"end":{"line":3,"column":25}},"loc":{"start":{"line":3,"column":62},"end":{"line":10,"column":1}}}},"branchMap":{},"s":{"0":1,"1":0,"2":1},"f":{"0":0},"b":{}}
,"C:\\Users\\Ricardo\\ai-software-factory\\backend-api\\src\\middleware\\validate.middleware.ts": {"path":"C:\\Users\\Ricardo\\ai-software-factory\\backend-api\\src\\middleware\\validate.middleware.ts","statementMap":{"0":{"start":{"line":2,"column":0},"end":{"line":2,"column":45}},"1":{"start":{"line":4,"column":0},"end":{"line":4,"column":46}},"2":{"start":{"line":12,"column":20},"end":{"line":17,"column":1}},"3":{"start":{"line":13,"column":2},"end":{"line":16,"column":null}},"4":{"start":{"line":13,"column":38},"end":{"line":16,"column":4}},"5":{"start":{"line":19,"column":24},"end":{"line":43,"column":1}},"6":{"start":{"line":20,"column":2},"end":{"line":42,"column":null}},"7":{"start":{"line":21,"column":4},"end":{"line":41,"column":5}},"8":{"start":{"line":22,"column":6},"end":{"line":24,"column":7}},"9":{"start":{"line":23,"column":8},"end":{"line":23,"column":null}},"10":{"start":{"line":26,"column":6},"end":{"line":28,"column":7}},"11":{"start":{"line":27,"column":8},"end":{"line":27,"column":null}},"12":{"start":{"line":30,"column":6},"end":{"line":32,"column":7}},"13":{"start":{"line":31,"column":8},"end":{"line":31,"column":null}},"14":{"start":{"line":34,"column":6},"end":{"line":34,"column":null}},"15":{"start":{"line":36,"column":6},"end":{"line":39,"column":7}},"16":{"start":{"line":37,"column":8},"end":{"line":37,"column":null}},"17":{"start":{"line":38,"column":8},"end":{"line":38,"column":14}},"18":{"start":{"line":40,"column":6},"end":{"line":40,"column":null}},"19":{"start":{"line":19,"column":13},"end":{"line":19,"column":24}}},"fnMap":{"0":{"name":"(anonymous_0)","decl":{"start":{"line":12,"column":20},"end":{"line":12,"column":21}},"loc":{"start":{"line":12,"column":83},"end":{"line":17,"column":1}}},"1":{"name":"(anonymous_1)","decl":{"start":{"line":13,"column":26},"end":{"line":13,"column":27}},"loc":{"start":{"line":13,"column":38},"end":{"line":16,"column":4}}},"2":{"name":"(anonymous_2)","decl":{"start":{"line":19,"column":24},"end":{"line":19,"column":25}},"loc":{"start":{"line":19,"column":55},"end":{"line":43,"column":1}}},"3":{"name":"(anonymous_3)","decl":{"start":{"line":20,"column":9},"end":{"line":20,"column":10}},"loc":{"start":{"line":20,"column":68},"end":{"line":42,"column":3}}}},"branchMap":{"0":{"loc":{"start":{"line":14,"column":11},"end":{"line":14,"column":41}},"type":"binary-expr","locations":[{"start":{"line":14,"column":11},"end":{"line":14,"column":31}},{"start":{"line":14,"column":35},"end":{"line":14,"column":41}}]},"1":{"loc":{"start":{"line":22,"column":6},"end":{"line":24,"column":7}},"type":"if","locations":[{"start":{"line":22,"column":6},"end":{"line":24,"column":7}},{"start":{},"end":{}}]},"2":{"loc":{"start":{"line":26,"column":6},"end":{"line":28,"column":7}},"type":"if","locations":[{"start":{"line":26,"column":6},"end":{"line":28,"column":7}},{"start":{},"end":{}}]},"3":{"loc":{"start":{"line":30,"column":6},"end":{"line":32,"column":7}},"type":"if","locations":[{"start":{"line":30,"column":6},"end":{"line":32,"column":7}},{"start":{},"end":{}}]},"4":{"loc":{"start":{"line":36,"column":6},"end":{"line":39,"column":7}},"type":"if","locations":[{"start":{"line":36,"column":6},"end":{"line":39,"column":7}},{"start":{},"end":{}}]}},"s":{"0":1,"1":1,"2":1,"3":1,"4":3,"5":1,"6":2,"7":3,"8":3,"9":3,"10":2,"11":0,"12":2,"13":0,"14":2,"15":1,"16":1,"17":1,"18":0,"19":1},"f":{"0":1,"1":3,"2":2,"3":3},"b":{"0":[3,0],"1":[3,0],"2":[0,2],"3":[0,2],"4":[1,0]}}
,"C:\\Users\\Ricardo\\ai-software-factory\\backend-api\\src\\services\\auth.service.ts": {"path":"C:\\Users\\Ricardo\\ai-software-factory\\backend-api\\src\\services\\auth.service.ts","statementMap":{"0":{"start":{"line":1,"column":0},"end":{"line":1,"column":29}},"1":{"start":{"line":2,"column":0},"end":{"line":2,"column":55}},"2":{"start":{"line":4,"column":0},"end":{"line":4,"column":35}},"3":{"start":{"line":6,"column":0},"end":{"line":6,"column":46}},"4":{"start":{"line":29,"column":31},"end":{"line":29,"column":61}},"5":{"start":{"line":32,"column":25},"end":{"line":32,"column":69}},"6":{"start":{"line":34,"column":4},"end":{"line":36,"column":5}},"7":{"start":{"line":35,"column":6},"end":{"line":35,"column":null}},"8":{"start":{"line":38,"column":25},"end":{"line":38,"column":62}},"9":{"start":{"line":40,"column":17},"end":{"line":45,"column":6}},"10":{"start":{"line":47,"column":4},"end":{"line":52,"column":null}},"11":{"start":{"line":56,"column":17},"end":{"line":56,"column":61}},"12":{"start":{"line":58,"column":4},"end":{"line":60,"column":5}},"13":{"start":{"line":59,"column":6},"end":{"line":59,"column":null}},"14":{"start":{"line":62,"column":26},"end":{"line":62,"column":81}},"15":{"start":{"line":63,"column":4},"end":{"line":65,"column":5}},"16":{"start":{"line":64,"column":6},"end":{"line":64,"column":null}},"17":{"start":{"line":67,"column":4},"end":{"line":72,"column":null}},"18":{"start":{"line":76,"column":17},"end":{"line":76,"column":53}},"19":{"start":{"line":77,"column":4},"end":{"line":79,"column":5}},"20":{"start":{"line":78,"column":6},"end":{"line":78,"column":null}},"21":{"start":{"line":80,"column":4},"end":{"line":80,"column":null}},"22":{"start":{"line":84,"column":20},"end":{"line":84,"column":35}},"23":{"start":{"line":85,"column":4},"end":{"line":88,"column":null}},"24":{"start":{"line":98,"column":4},"end":{"line":104,"column":null}},"25":{"start":{"line":28,"column":0},"end":{"line":28,"column":13}}},"fnMap":{"0":{"name":"(anonymous_1)","decl":{"start":{"line":29,"column":2},"end":{"line":29,"column":31}},"loc":{"start":{"line":29,"column":61},"end":{"line":29,"column":65}}},"1":{"name":"(anonymous_2)","decl":{"start":{"line":31,"column":2},"end":{"line":31,"column":7}},"loc":{"start":{"line":31,"column":37},"end":{"line":53,"column":3}}},"2":{"name":"(anonymous_3)","decl":{"start":{"line":55,"column":2},"end":{"line":55,"column":7}},"loc":{"start":{"line":55,"column":31},"end":{"line":73,"column":3}}},"3":{"name":"(anonymous_4)","decl":{"start":{"line":75,"column":2},"end":{"line":75,"column":4}},"loc":{"start":{"line":75,"column":19},"end":{"line":81,"column":3}}},"4":{"name":"(anonymous_5)","decl":{"start":{"line":83,"column":10},"end":{"line":83,"column":19}},"loc":{"start":{"line":83,"column":62},"end":{"line":89,"column":3}}},"5":{"name":"(anonymous_6)","decl":{"start":{"line":91,"column":10},"end":{"line":91,"column":22}},"loc":{"start":{"line":97,"column":3},"end":{"line":105,"column":3}}}},"branchMap":{"0":{"loc":{"start":{"line":34,"column":4},"end":{"line":36,"column":5}},"type":"if","locations":[{"start":{"line":34,"column":4},"end":{"line":36,"column":5}},{"start":{},"end":{}}]},"1":{"loc":{"start":{"line":44,"column":12},"end":{"line":44,"column":32}},"type":"binary-expr","locations":[{"start":{"line":44,"column":12},"end":{"line":44,"column":22}},{"start":{"line":44,"column":26},"end":{"line":44,"column":32}}]},"2":{"loc":{"start":{"line":58,"column":4},"end":{"line":60,"column":5}},"type":"if","locations":[{"start":{"line":58,"column":4},"end":{"line":60,"column":5}},{"start":{},"end":{}}]},"3":{"loc":{"start":{"line":63,"column":4},"end":{"line":65,"column":5}},"type":"if","locations":[{"start":{"line":63,"column":4},"end":{"line":65,"column":5}},{"start":{},"end":{}}]},"4":{"loc":{"start":{"line":77,"column":4},"end":{"line":79,"column":5}},"type":"if","locations":[{"start":{"line":77,"column":4},"end":{"line":79,"column":5}},{"start":{},"end":{}}]}},"s":{"0":2,"1":2,"2":2,"3":2,"4":5,"5":6,"6":6,"7":1,"8":5,"9":5,"10":5,"11":3,"12":3,"13":0,"14":3,"15":3,"16":1,"17":2,"18":1,"19":1,"20":0,"21":1,"22":7,"23":7,"24":8,"25":2},"f":{"0":5,"1":6,"2":3,"3":1,"4":7,"5":8},"b":{"0":[1,5],"1":[5,5],"2":[0,3],"3":[1,2],"4":[0,1]}}
}
