TN:
SF:src\controllers\auth.controller.ts
FN:6,(anonymous_0)
FN:8,(anonymous_1)
FN:17,(anonymous_2)
FNF:3
FNH:3
FNDA:1,(anonymous_0)
FNDA:1,(anonymous_1)
FNDA:1,(anonymous_2)
DA:5,1
DA:6,1
DA:8,1
DA:9,1
DA:10,1
DA:11,1
DA:13,0
DA:17,1
DA:18,1
DA:19,1
DA:20,1
DA:22,0
LF:12
LH:10
BRF:0
BRH:0
end_of_record
TN:
SF:src\controllers\users.controller.ts
FN:7,(anonymous_0)
FN:12,(anonymous_1)
FN:21,(anonymous_2)
FN:23,(anonymous_3)
FNF:4
FNH:4
FNDA:1,(anonymous_0)
FNDA:1,(anonymous_1)
FNDA:1,(anonymous_2)
FNDA:2,(anonymous_3)
DA:6,1
DA:8,1
DA:9,1
DA:12,1
DA:13,1
DA:14,1
DA:15,1
DA:17,0
DA:21,1
DA:22,1
DA:23,2
DA:25,1
LF:12
LH:11
BRF:0
BRH:0
end_of_record
TN:
SF:src\errors\app-error.ts
FN:2,(anonymous_0)
FNF:1
FNH:1
FNDA:4,(anonymous_0)
DA:1,2
DA:3,4
DA:4,4
DA:6,4
DA:8,4
DA:9,4
LF:6
LH:6
BRF:0
BRH:0
end_of_record
TN:
SF:src\middleware\auth.middleware.ts
FN:13,(anonymous_1)
FN:36,(anonymous_2)
FN:37,(anonymous_3)
FNF:3
FNH:3
FNDA:3,(anonymous_1)
FNDA:1,(anonymous_2)
FNDA:1,(anonymous_3)
DA:2,1
DA:4,1
DA:5,1
DA:13,1
DA:14,3
DA:16,3
DA:17,1
DA:18,1
DA:21,2
DA:23,2
DA:24,2
DA:25,2
DA:30,2
DA:32,0
DA:36,1
DA:37,1
DA:38,1
DA:39,0
DA:40,0
DA:43,1
DA:44,0
DA:45,0
DA:48,1
LF:23
LH:18
BRDA:16,0,0,1
BRDA:16,0,1,2
BRDA:16,1,0,3
BRDA:16,1,1,2
BRDA:38,2,0,0
BRDA:38,2,1,1
BRDA:43,3,0,0
BRDA:43,3,1,1
BRF:8
BRH:6
end_of_record
TN:
SF:src\middleware\error-handler.ts
FN:6,(anonymous_0)
FNF:1
FNH:1
FNDA:2,(anonymous_0)
DA:3,1
DA:4,1
DA:6,1
DA:12,2
DA:13,2
DA:20,2
DA:23,0
DA:35,0
LF:8
LH:6
BRDA:12,0,0,2
BRDA:12,0,1,0
BRF:2
BRH:1
end_of_record
TN:
SF:src\middleware\not-found.middleware.ts
FN:3,(anonymous_0)
FNF:1
FNH:0
FNDA:0,(anonymous_0)
DA:3,1
DA:4,0
LF:2
LH:1
BRF:0
BRH:0
end_of_record
TN:
SF:src\middleware\validate.middleware.ts
FN:12,(anonymous_0)
FN:13,(anonymous_1)
FN:19,(anonymous_2)
FN:20,(anonymous_3)
FNF:4
FNH:4
FNDA:1,(anonymous_0)
FNDA:3,(anonymous_1)
FNDA:2,(anonymous_2)
FNDA:3,(anonymous_3)
DA:2,1
DA:4,1
DA:12,1
DA:13,3
DA:19,1
DA:20,2
DA:21,3
DA:22,3
DA:23,3
DA:26,2
DA:27,0
DA:30,2
DA:31,0
DA:34,2
DA:36,1
DA:37,1
DA:38,1
DA:40,0
LF:18
LH:15
BRDA:14,0,0,3
BRDA:14,0,1,0
BRDA:22,1,0,3
BRDA:22,1,1,0
BRDA:26,2,0,0
BRDA:26,2,1,2
BRDA:30,3,0,0
BRDA:30,3,1,2
BRDA:36,4,0,1
BRDA:36,4,1,0
BRF:10
BRH:5
end_of_record
TN:
SF:src\services\auth.service.ts
FN:29,(anonymous_1)
FN:31,(anonymous_2)
FN:55,(anonymous_3)
FN:75,(anonymous_4)
FN:83,(anonymous_5)
FN:91,(anonymous_6)
FNF:6
FNH:6
FNDA:5,(anonymous_1)
FNDA:6,(anonymous_2)
FNDA:3,(anonymous_3)
FNDA:1,(anonymous_4)
FNDA:7,(anonymous_5)
FNDA:8,(anonymous_6)
DA:1,2
DA:2,2
DA:4,2
DA:6,2
DA:28,2
DA:29,5
DA:32,6
DA:34,6
DA:35,1
DA:38,5
DA:40,5
DA:47,5
DA:56,3
DA:58,3
DA:59,0
DA:62,3
DA:63,3
DA:64,1
DA:67,2
DA:76,1
DA:77,1
DA:78,0
DA:80,1
DA:84,7
DA:85,7
DA:98,8
LF:26
LH:24
BRDA:34,0,0,1
BRDA:34,0,1,5
BRDA:44,1,0,5
BRDA:44,1,1,5
BRDA:58,2,0,0
BRDA:58,2,1,3
BRDA:63,3,0,1
BRDA:63,3,1,2
BRDA:77,4,0,0
BRDA:77,4,1,1
BRF:10
BRH:8
end_of_record
